<?xml version="1.0" encoding="UTF-8"?>
<!-- Generated by org.testng.reporters.JUnitReportReporter -->
<testsuite hostname="DESKTOP-KPD9GDN" failures="0" tests="1" name="RestAssuredPractise.RestAssuredPro.patchCrud" time="7.025" errors="0" timestamp="2024-06-26T15:46:27 IST" skipped="0">
  <testcase classname="RestAssuredPractise.RestAssuredPro.patchCrud" name="testcase01" time="7.025"/>
</testsuite> <!-- RestAssuredPractise.RestAssuredPro.patchCrud -->
