<?xml version="1.0" encoding="UTF-8"?>
<!-- Generated by org.testng.reporters.JUnitReportReporter -->
<testsuite hostname="DESKTOP-KPD9GDN" failures="0" tests="4" name="RestAssuredPractise.RestAssuredPro.basicOath" time="10.951" errors="0" timestamp="2024-06-27T15:48:18 IST" skipped="3">
  <testcase classname="RestAssuredPractise.RestAssuredPro.basicOath" name="apiKeyOath" time="10.951"/>
  <testcase classname="RestAssuredPractise.RestAssuredPro.basicOath" name="basicOath">
    <skipped/>
  </testcase> <!-- basicOath -->
  <testcase classname="RestAssuredPractise.RestAssuredPro.basicOath" name="BearerOath">
    <skipped/>
  </testcase> <!-- BearerOath -->
  <testcase classname="RestAssuredPractise.RestAssuredPro.basicOath" name="digestOath">
    <skipped/>
  </testcase> <!-- digestOath -->
</testsuite> <!-- RestAssuredPractise.RestAssuredPro.basicOath -->
