<?xml version="1.0" encoding="UTF-8"?>
<!-- Generated by org.testng.reporters.JUnitReportReporter -->
<testsuite hostname="DESKTOP-KPD9GDN" failures="0" tests="1" name="RestAssuredPractise.RestAssuredPro.purcrud" time="3.304" errors="0" timestamp="2024-06-26T14:21:57 IST" skipped="0">
  <testcase classname="RestAssuredPractise.RestAssuredPro.purcrud" name="testCase1" time="3.304"/>
</testsuite> <!-- RestAssuredPractise.RestAssuredPro.purcrud -->
