<?xml version="1.0" encoding="UTF-8"?>
<!-- Generated by org.testng.reporters.JUnitReportReporter -->
<testsuite hostname="DESKTOP-KPD9GDN" failures="0" tests="1" name="RestAssuredPractise.RestAssuredPro.postcrud" time="7.184" errors="0" timestamp="2024-06-26T13:01:48 IST" skipped="0">
  <testcase classname="RestAssuredPractise.RestAssuredPro.postcrud" name="testCase1" time="7.184"/>
</testsuite> <!-- RestAssuredPractise.RestAssuredPro.postcrud -->
