<?xml version="1.0" encoding="UTF-8"?>
<!-- Generated by org.testng.reporters.JUnitReportReporter -->
<testsuite hostname="DESKTOP-KPD9GDN" failures="0" tests="3" name="RestAssuredPractise.RestAssuredPro.GetCrud" time="3.560" errors="0" timestamp="2024-06-26T16:38:47 IST" skipped="2">
  <testcase classname="RestAssuredPractise.RestAssuredPro.GetCrud" name="FetchData" time="3.560"/>
  <testcase classname="RestAssuredPractise.RestAssuredPro.GetCrud" name="getReq">
    <skipped/>
  </testcase> <!-- getReq -->
  <testcase classname="RestAssuredPractise.RestAssuredPro.GetCrud" name="testcase01">
    <skipped/>
  </testcase> <!-- testcase01 -->
</testsuite> <!-- RestAssuredPractise.RestAssuredPro.GetCrud -->
