<?xml version="1.0" encoding="UTF-8"?>
<!-- Generated by org.testng.reporters.JUnitReportReporter -->
<testsuite hostname="DESKTOP-KPD9GDN" failures="0" tests="2" name="RestAssuredPractise.RestAssuredPro.crudOperation" time="5.399" errors="0" timestamp="2024-06-26T12:58:37 IST" skipped="0">
  <testcase classname="RestAssuredPractise.RestAssuredPro.crudOperation" name="getReq" time="5.107"/>
  <testcase classname="RestAssuredPractise.RestAssuredPro.crudOperation" name="testcase01" time="0.292"/>
</testsuite> <!-- RestAssuredPractise.RestAssuredPro.crudOperation -->
